=== resource_log.txt Log ===
Turn	Action	Value
Initial Food	1000
Initial Wood	500
Initial Stone	300
Initial Iron	100
=== resource_log.txt Log ===
Turn	Action	Value
Initial Food	1000
Initial Wood	500
Initial Stone	300
Initial Iron	100
Food after gathering	1480
Wood after gathering	732
Stone after gathering	371
Iron after gathering	113
Food after consumption	280
=== resource_log.txt Log ===
Turn	Action	Value
Initial Food	1000
Initial Wood	500
Initial Stone	300
Initial Iron	100
=== resource_log.txt Log ===
Turn	Action	Value
Initial Food	1000
Initial Wood	500
Initial Stone	300
Initial Iron	100
=== resource_log.txt Log ===
Turn	Action	Value
Initial Food	1000
Initial Wood	500
Initial Stone	300
Initial Iron	100
Food after gathering	1459
Wood after gathering	725
Stone after gathering	378
Iron after gathering	115
Food after consumption	259
Food after gathering	718
Wood after gathering	888
Stone after gathering	436
Iron after gathering	124
Food after consumption	0
Food after gathering	539
Wood after gathering	1056
Stone after gathering	494
Iron after gathering	133
Food after consumption	0
Food after gathering	515
Wood after gathering	1263
Stone after gathering	555
Iron after gathering	141
Food after consumption	0
Food after gathering	475
Wood after gathering	1476
Stone after gathering	616
Iron after gathering	150
Food after consumption	0
Food after gathering	475
Wood after gathering	1672
Stone after gathering	680
Iron after gathering	160
Food after consumption	0
Food after gathering	520
Wood after gathering	1875
Stone after gathering	751
Iron after gathering	170
Food after consumption	0
Food after gathering	734
Wood after gathering	1617
Stone after gathering	826
Iron after gathering	179
Food after consumption	25
Food after gathering	215
Wood after gathering	1809
Stone after gathering	920
Iron after gathering	230
Food after consumption	0
Food after gathering	209
Wood after gathering	1984
Stone after gathering	1011
Iron after gathering	284
Food after consumption	0
Food after gathering	200
Wood after gathering	2167
Stone after gathering	1110
Iron after gathering	342
Food after consumption	0
Food after gathering	200
Wood after gathering	2377
Stone after gathering	1198
Iron after gathering	399
Food after consumption	0
Food after gathering	183
Wood after gathering	2602
Stone after gathering	1289
Iron after gathering	458
Food after consumption	0
Food after gathering	194
Wood after gathering	2799
Stone after gathering	1386
Iron after gathering	508
Food after consumption	0
Food after gathering	192
Wood after gathering	3026
Stone after gathering	1488
Iron after gathering	561
Food after consumption	0
Food after gathering	182
Wood after gathering	3249
Stone after gathering	1590
Iron after gathering	613
Food after consumption	0
Food after gathering	484
Wood after gathering	858996688
Stone after gathering	858995048
Iron after gathering	858994068
Food after consumption	81
Food after gathering	581
Wood after gathering	858996668
Stone after gathering	858995046
Iron after gathering	858994063
Food after consumption	178
Food after gathering	751
Wood after gathering	730147146
Stone after gathering	858995044
Iron after gathering	858994058
Food after consumption	280
=== resource_log.txt Log ===
Turn	Action	Value
Initial Food	1000
Initial Wood	500
Initial Stone	300
Initial Iron	100
Food after gathering	1510
Wood after gathering	744
Stone after gathering	369
Iron after gathering	116
Food after consumption	310
=== resource_log.txt Log ===
Turn	Action	Value
Initial Food	1000
Initial Wood	500
Initial Stone	300
Initial Iron	100
=== resource_log.txt Log ===
Turn	Action	Value
Initial Food	1000
Initial Wood	500
Initial Stone	300
Initial Iron	100
=== resource_log.txt Log ===
Turn	Action	Value
Initial Food	1000
Initial Wood	500
Initial Stone	300
Initial Iron	100
=== resource_log.txt Log ===
Turn	Action	Value
Initial Food	1000
Initial Wood	500
Initial Stone	300
Initial Iron	100
Food after gathering	1534
Wood after gathering	754
Stone after gathering	380
Iron after gathering	114
Food after consumption	334
=== resource_log.txt Log ===
Turn	Action	Value
Initial Food	1000
Initial Wood	500
Initial Stone	300
Initial Iron	100
Food after gathering	1469
Wood after gathering	759
Stone after gathering	382
Iron after gathering	125
Food after consumption	69
Food after gathering	1231
Wood after gathering	689
Stone after gathering	443
Iron after gathering	128
Food after consumption	0
Food after gathering	1094
Wood after gathering	624
Stone after gathering	515
Iron after gathering	133
Food after consumption	0
Food after gathering	1140
Wood after gathering	563
Stone after gathering	582
Iron after gathering	136
Food after consumption	0
Food after gathering	1140
Wood after gathering	506
Stone after gathering	646
Iron after gathering	141
Food after consumption	73
Food after gathering	1304
Wood after gathering	453
Stone after gathering	709
Iron after gathering	144
Food after consumption	289
Food after gathering	1486
Wood after gathering	403
Stone after gathering	784
Iron after gathering	149
Food after consumption	470
Food after gathering	1621
Wood after gathering	353
Stone after gathering	856
Iron after gathering	153
Food after consumption	598
Food after gathering	1795
Wood after gathering	302
Stone after gathering	917
Iron after gathering	157
Food after consumption	763
Food after gathering	1948
Wood after gathering	251
Stone after gathering	980
Iron after gathering	162
Food after consumption	906
Food after gathering	2091
Wood after gathering	199
Stone after gathering	1045
Iron after gathering	166
Food after consumption	1039
Food after gathering	2281
Wood after gathering	147
Stone after gathering	1116
Iron after gathering	171
Food after consumption	1218
Food after gathering	2358
Wood after gathering	94
Stone after gathering	1182
Iron after gathering	175
Food after consumption	1284
Food after gathering	2344
Wood after gathering	41
Stone after gathering	1251
Iron after gathering	181
Food after consumption	1051
Food after gathering	2236
Wood after gathering	0
Stone after gathering	1313
Iron after gathering	181
Food after consumption	931
=== resource_log.txt Log ===
Turn	Action	Value
Initial Food	1000
Initial Wood	500
Initial Stone	300
Initial Iron	100
=== resource_log.txt Log ===
Turn	Action	Value
Initial Food	1000
Initial Wood	500
Initial Stone	300
Initial Iron	100
Food after gathering	1530
Wood after gathering	725
Stone after gathering	375
Iron after gathering	113
Food after consumption	330
=== resource_log.txt Log ===
Turn	Action	Value
Initial Food	1000
Initial Wood	500
Initial Stone	300
Initial Iron	100
Food after gathering	1520
Wood after gathering	747
Stone after gathering	369
Iron after gathering	114
Food after consumption	320
Food after gathering	774
Wood after gathering	917
Stone after gathering	440
Iron after gathering	124
Food after consumption	0
Food after gathering	530
Wood after gathering	1110
Stone after gathering	503
Iron after gathering	133
Food after consumption	0
Food after gathering	454
Wood after gathering	1306
Stone after gathering	570
Iron after gathering	142
Food after consumption	0
Food after gathering	464
Wood after gathering	1526
Stone after gathering	645
Iron after gathering	152
Food after consumption	0
Food after gathering	539
Wood after gathering	1737
Stone after gathering	709
Iron after gathering	161
Food after consumption	0
Food after gathering	539
Wood after gathering	1940
Stone after gathering	776
Iron after gathering	169
Food after consumption	0
Food after gathering	525
Wood after gathering	2144
Stone after gathering	844
Iron after gathering	179
Food after consumption	0
Food after gathering	525
Wood after gathering	2342
Stone after gathering	906
Iron after gathering	188
Food after consumption	0
Food after gathering	510
Wood after gathering	2528
Stone after gathering	980
Iron after gathering	197
Food after consumption	0
Food after gathering	525
Wood after gathering	2708
Stone after gathering	1054
Iron after gathering	206
Food after consumption	0
Food after gathering	495
Wood after gathering	2912
Stone after gathering	1123
Iron after gathering	215
Food after consumption	0
Food after gathering	544
Wood after gathering	3109
Stone after gathering	1193
Iron after gathering	223
Food after consumption	0
Food after gathering	470
Wood after gathering	3298
Stone after gathering	1259
Iron after gathering	232
Food after consumption	0
Food after gathering	450
Wood after gathering	3506
Stone after gathering	1327
Iron after gathering	241
Food after consumption	0
Food after gathering	454
Wood after gathering	3728
Stone after gathering	1395
Iron after gathering	251
Food after consumption	0
Food after gathering	505
Wood after gathering	3947
Stone after gathering	1459
Iron after gathering	262
Food after consumption	0
Food after gathering	1060
Wood after gathering	4166
Stone after gathering	1525
Iron after gathering	271
Food after consumption	519
Food after gathering	1469
Wood after gathering	4371
Stone after gathering	1598
Iron after gathering	279
Food after consumption	913
Food after gathering	1982
Wood after gathering	4579
Stone after gathering	1670
Iron after gathering	288
Food after consumption	1410
=== resource_log.txt Log ===
Turn	Action	Value
Initial Food	1000
Initial Wood	500
Initial Stone	300
Initial Iron	100
Food after gathering	1510
Wood after gathering	718
Stone after gathering	378
Iron after gathering	113
Food after consumption	310
Food after gathering	774
Wood after gathering	898
Stone after gathering	436
Iron after gathering	124
Food after consumption	0
Food after gathering	544
Wood after gathering	1094
Stone after gathering	505
Iron after gathering	132
Food after consumption	0
=== resource_log.txt Log ===
Turn	Action	Value
Initial Food	1000
Initial Wood	500
Initial Stone	300
Initial Iron	100
Food after gathering	1459
Wood after gathering	720
Stone after gathering	370
Iron after gathering	113
Food after consumption	259
Food after gathering	803
Wood after gathering	880
Stone after gathering	429
Iron after gathering	124
Food after consumption	0
Food after gathering	489
Wood after gathering	1050
Stone after gathering	488
Iron after gathering	132
Food after consumption	0
Food after gathering	450
Wood after gathering	1251
Stone after gathering	551
Iron after gathering	136
Food after consumption	0
Food after gathering	530
Wood after gathering	1413
Stone after gathering	612
Iron after gathering	140
Food after consumption	0
=== resource_log.txt Log ===
Turn	Action	Value
Initial Food	1000
Initial Wood	500
Initial Stone	300
Initial Iron	100
Food after gathering	1454
Wood after gathering	749
Stone after gathering	380
Iron after gathering	114
Food after consumption	254
Food after gathering	729
Wood after gathering	936
Stone after gathering	446
Iron after gathering	123
Food after consumption	0
Food after gathering	470
Wood after gathering	1114
Stone after gathering	506
Iron after gathering	131
Food after consumption	0
Food after gathering	500
Wood after gathering	1299
Stone after gathering	571
Iron after gathering	140
Food after consumption	0
Food after gathering	534
Wood after gathering	1493
Stone after gathering	642
Iron after gathering	148
Food after consumption	0
Food after gathering	484
Wood after gathering	1689
Stone after gathering	708
Iron after gathering	158
Food after consumption	0
Food after gathering	534
Wood after gathering	1866
Stone after gathering	774
Iron after gathering	167
Food after consumption	0
Food after gathering	475
Wood after gathering	2044
Stone after gathering	848
Iron after gathering	175
Food after consumption	0
Food after gathering	459
Wood after gathering	2256
Stone after gathering	914
Iron after gathering	183
Food after consumption	0
=== resource_log.txt Log ===
Turn	Action	Value
Initial Food	1000
Initial Wood	500
Initial Stone	300
Initial Iron	100
Food after gathering	1454
Wood after gathering	732
Stone after gathering	380
Iron after gathering	113
Food after consumption	254
=== resource_log.txt Log ===
Turn	Action	Value
Initial Food	1000
Initial Wood	500
Initial Stone	300
Initial Iron	100
=== resource_log.txt Log ===
Turn	Action	Value
Initial Food	1000
Initial Wood	500
Initial Stone	300
Initial Iron	100
=== resource_log.txt Log ===
Turn	Action	Value
Initial Food	1000
Initial Wood	500
Initial Stone	300
Initial Iron	100
Food after gathering	1505
Wood after gathering	759
Stone after gathering	368
Iron after gathering	114
Food after consumption	305
Food after gathering	830
Wood after gathering	950
Stone after gathering	436
Iron after gathering	122
Food after consumption	0
Food after gathering	3139
Wood after gathering	892
Stone after gathering	427
Iron after gathering	117
Food after consumption	1482
=== resource_log.txt Log ===
Turn	Action	Value
Initial Food	1000
Initial Wood	500
Initial Stone	300
Initial Iron	100
Food after gathering	1464
Wood after gathering	730
Stone after gathering	370
Iron after gathering	113
Food after consumption	264
Food after gathering	739
Wood after gathering	905
Stone after gathering	431
Iron after gathering	122
Food after consumption	0
Food after gathering	510
Wood after gathering	1076
Stone after gathering	503
Iron after gathering	132
Food after consumption	0
=== resource_log.txt Log ===
Turn	Action	Value
Initial Food	1000
Initial Wood	500
Initial Stone	300
Initial Iron	100
Food after gathering	1484
Wood after gathering	742
Stone after gathering	374
Iron after gathering	114
Food after consumption	284
Food after gathering	907
Wood after gathering	804
Stone after gathering	443
Iron after gathering	123
Food after consumption	0
Food after gathering	489
Wood after gathering	1001
Stone after gathering	509
Iron after gathering	133
Food after consumption	0
Food after gathering	495
Wood after gathering	1207
Stone after gathering	570
Iron after gathering	141
Food after consumption	0
Food after gathering	3060
Wood after gathering	1160
Stone after gathering	563
Iron after gathering	137
Food after consumption	2168
=== resource_log.txt Log ===
Turn	Action	Value
Initial Food	1000
Initial Wood	500
Initial Stone	300
Initial Iron	100
=== resource_log.txt Log ===
Turn	Action	Value
Initial Food	1000
Initial Wood	500
Initial Stone	300
Initial Iron	100
Food after gathering	1454
Wood after gathering	756
Stone after gathering	370
Iron after gathering	116
Food after consumption	234
Food after gathering	693
Wood after gathering	956
Stone after gathering	431
Iron after gathering	126
Food after consumption	0
Food after gathering	489
Wood after gathering	1135
Stone after gathering	493
Iron after gathering	134
Food after consumption	0
Food after gathering	489
Wood after gathering	1329
Stone after gathering	565
Iron after gathering	143
Food after consumption	0
Food after gathering	1619
Wood after gathering	2088
Stone after gathering	1088
Iron after gathering	432
Food after consumption	706
Food after gathering	1823
Wood after gathering	2778
Stone after gathering	1579
Iron after gathering	739
Food after consumption	1016
Food after gathering	2426
Wood after gathering	3585
Stone after gathering	2099
Iron after gathering	1031
Food after consumption	1214
